#
# A fatal error has been detected by the Java Runtime Environment:
#
#  EXCEPTION_ACCESS_VIOLATION (0xc0000005) at pc=0x0000000075c2e276, pid=10888, tid=0x00000000000008e0
#
# JRE version: Java(TM) SE Runtime Environment (8.0_281-b09) (build 1.8.0_281-b09)
# Java VM: Java HotSpot(TM) 64-Bit Server VM (25.281-b09 mixed mode windows-amd64 compressed oops)
# Problematic frame:
# V  [jvm.dll+0x22e276]
#
# Failed to write core dump. Minidumps are not enabled by default on client versions of Windows
#
# If you would like to submit a bug report, please visit:
#   http://bugreport.java.com/bugreport/crash.jsp
#

---------------  T H R E A D  ---------------

Current thread (0x00000259e5a51800):  GCTaskThread [stack: 0x000000991ce00000,0x000000991cf00000] [id=2272]

siginfo: ExceptionCode=0xc0000005, reading address 0x00000000002c0009

Registers:
RAX=0x00000000002c0001, RBX=0x000000991cefe660, RCX=0x0000000000000000, RDX=0x00000000002c0028
RSP=0x000000991cefe390, RBP=0x000000991cefebc0, RSI=0x0000000000000000, RDI=0x000000991cefed30
R8 =0x0000000000000000, R9 =0x00000259803ba990, R10=0x00000259e5a4a7e0, R11=0x00000259803bbbb0
R12=0x00000000000000b7, R13=0x00000259e5a521d0, R14=0x00000000000000b7, R15=0x0000000075a00000
RIP=0x0000000075c2e276, EFLAGS=0x0000000000010202

Top of Stack: (sp=0x000000991cefe390)
0x000000991cefe390:   0000000000000000 0000000000000000
0x000000991cefe3a0:   0000000000000000 0000000000000000
0x000000991cefe3b0:   0000000000000000 0000000000000000
0x000000991cefe3c0:   0000000000000000 0000000000000000
0x000000991cefe3d0:   0000000000000000 0000000000000000
0x000000991cefe3e0:   0000000000000000 0000000000000000
0x000000991cefe3f0:   0000000000000000 0000000000000000
0x000000991cefe400:   0000000000000000 0000000000000000
0x000000991cefe410:   0000000000000000 0000000000000000
0x000000991cefe420:   0000000000000000 0000000000000000
0x000000991cefe430:   0000000000000000 0000000000000000
0x000000991cefe440:   0000000000000000 0000000000000000
0x000000991cefe450:   0000000000000000 0000000075c2e2c5
0x000000991cefe460:   0000000000000000 0000000075c2ef22
0x000000991cefe470:   0000000000000000 0000000000000000
0x000000991cefe480:   0000f1f3da29cab0 0000000000000000 

Instructions: (pc=0x0000000075c2e276)
0x0000000075c2e256:   01 00 00 48 8b 05 f8 9e 56 00 48 33 c4 48 89 84
0x0000000075c2e266:   24 30 01 00 00 48 8b d9 48 63 49 10 48 8b 43 08
0x0000000075c2e276:   38 54 08 08 74 33 44 0f be c2 48 8d 4c 24 20 48
0x0000000075c2e286:   8d 15 84 72 3b 00 e8 1f d0 df ff ba 36 00 00 00 


Register to memory mapping:

RAX=0x00000000002c0001 is an unknown value
RBX=0x000000991cefe660 is an unknown value
RCX=0x0000000000000000 is an unknown value
RDX=0x00000000002c0028 is an unknown value
RSP=0x000000991cefe390 is an unknown value
RBP=0x000000991cefebc0 is an unknown value
RSI=0x0000000000000000 is an unknown value
RDI=0x000000991cefed30 is an unknown value
R8 =0x0000000000000000 is an unknown value
R9 =0x00000259803ba990 is pointing into metadata
R10=0x00000259e5a4a7e0 is an unknown value
R11=0x00000259803bbbb0 is pointing into metadata
R12=0x00000000000000b7 is an unknown value
R13=0x00000259e5a521d0 is an unknown value
R14=0x00000000000000b7 is an unknown value
R15=0x0000000075a00000 is an unknown value


Stack: [0x000000991ce00000,0x000000991cf00000],  sp=0x000000991cefe390,  free space=1016k
Native frames: (J=compiled Java code, j=interpreted, Vv=VM code, C=native code)
V  [jvm.dll+0x22e276]
V  [jvm.dll+0x22e994]
V  [jvm.dll+0x106863]
V  [jvm.dll+0x1087c3]
V  [jvm.dll+0x10902e]
V  [jvm.dll+0x10669a]
V  [jvm.dll+0x10582a]
V  [jvm.dll+0xcd14b]
V  [jvm.dll+0xcdbe3]
V  [jvm.dll+0x112634]
V  [jvm.dll+0x135930]
V  [jvm.dll+0x205679]
V  [jvm.dll+0x204f8b]
V  [jvm.dll+0x23ba5f]
V  [jvm.dll+0x3d61ca]
V  [jvm.dll+0x3c4919]
V  [jvm.dll+0x291cbc]
C  [ucrtbase.dll+0x210b2]
C  [KERNEL32.DLL+0x17c24]
C  [ntdll.dll+0x6d721]

JavaThread 0x0000025982756800 (nid = 13240) was being processed
Java frames: (J=compiled Java code, j=interpreted, Vv=VM code)
J 6568  sun.font.SunLayoutEngine.nativeLayout(Lsun/font/Font2D;Lsun/font/FontStrike;[FII[CIIIIIIILjava/awt/geom/Point2D$Float;Lsun/font/GlyphLayout$GVData;JJ)V (0 bytes) @ 0x00000259e86f4515 [0x00000259e86f43c0+0x155]
J 7289 C2 sun.font.GlyphLayout$EngineRecord.layout()V (101 bytes) @ 0x00000259e8a3c4a8 [0x00000259e8a3be20+0x688]
J 7313 C2 sun.font.GlyphLayout.layout(Ljava/awt/Font;Ljava/awt/font/FontRenderContext;[CIIILsun/font/StandardGlyphVector;)Lsun/font/StandardGlyphVector; (688 bytes) @ 0x00000259e85c08d0 [0x00000259e85c0300+0x5d0]
J 7312 C2 sun.font.ExtendedTextSourceLabel.getAdvance()F (24 bytes) @ 0x00000259e75c32dc [0x00000259e75c3120+0x1bc]
J 7317 C2 java.awt.font.TextLine.init()V (1056 bytes) @ 0x00000259e85bbae0 [0x00000259e85bb580+0x560]
J 6749 C2 java.awt.font.TextLine.fastCreateTextLine(Ljava/awt/font/FontRenderContext;[CLjava/awt/Font;Lsun/font/CoreMetrics;Ljava/util/Map;)Ljava/awt/font/TextLine; (341 bytes) @ 0x00000259e880f950 [0x00000259e880e960+0xff0]
J 6697 C2 java.awt.font.TextLayout.<init>(Ljava/text/AttributedCharacterIterator;Ljava/awt/font/FontRenderContext;)V (201 bytes) @ 0x00000259e87dd668 [0x00000259e87db1a0+0x24c8]
J 6905 C2 org.apache.poi.ss.util.SheetUtil.getCellWidth(IILorg/apache/poi/ss/usermodel/CellStyle;DLjava/text/AttributedString;)D (132 bytes) @ 0x00000259e88d8070 [0x00000259e88d7da0+0x2d0]
J 7357 C2 org.apache.poi.ss.util.SheetUtil.getCellWidth(Lorg/apache/poi/ss/usermodel/Cell;ILorg/apache/poi/ss/usermodel/DataFormatter;Z)D (439 bytes) @ 0x00000259e8a767f4 [0x00000259e8a76040+0x7b4]
J 6825 C2 org.apache.poi.ss.util.SheetUtil.getColumnWidthForRow(Lorg/apache/poi/ss/usermodel/Row;IILorg/apache/poi/ss/usermodel/DataFormatter;Z)D (36 bytes) @ 0x00000259e8857920 [0x00000259e88576a0+0x280]
J 7064 C2 org.apache.poi.ss.util.SheetUtil.getColumnWidth(Lorg/apache/poi/ss/usermodel/Sheet;IZII)D (81 bytes) @ 0x00000259e89d5284 [0x00000259e89d4ac0+0x7c4]
J 7393 C2 org.apache.poi.xssf.usermodel.XSSFSheet.autoSizeColumn(IZ)V (55 bytes) @ 0x00000259e8392aa4 [0x00000259e8392960+0x144]
J 7859 C2 com.honda.am.cqp.controller.UserExcelExporter.createCell(Lorg/apache/poi/ss/usermodel/Row;ILjava/lang/Object;Lorg/apache/poi/ss/usermodel/CellStyle;)V (87 bytes) @ 0x00000259e895838c [0x00000259e8958320+0x6c]
j  com.honda.am.cqp.controller.UserExcelExporter.writeDataLines()V+88
j  com.honda.am.cqp.controller.UserExcelExporter.export(Ljavax/servlet/http/HttpServletResponse;)V+5
j  com.honda.am.cqp.controller.AlertController.exportToExcel(Ljavax/servlet/http/HttpServletResponse;)V+340
v  ~StubRoutines::call_stub
J 1468  sun.reflect.NativeMethodAccessorImpl.invoke0(Ljava/lang/reflect/Method;Ljava/lang/Object;[Ljava/lang/Object;)Ljava/lang/Object; (0 bytes) @ 0x00000259e780ea3f [0x00000259e780e9c0+0x7f]
J 7603 C1 sun.reflect.NativeMethodAccessorImpl.invoke(Ljava/lang/Object;[Ljava/lang/Object;)Ljava/lang/Object; (104 bytes) @ 0x00000259e87ffa14 [0x00000259e87fe800+0x1214]
J 4637 C2 sun.reflect.DelegatingMethodAccessorImpl.invoke(Ljava/lang/Object;[Ljava/lang/Object;)Ljava/lang/Object; (10 bytes) @ 0x00000259e81ea814 [0x00000259e81ea7c0+0x54]
j  java.lang.reflect.Method.invoke(Ljava/lang/Object;[Ljava/lang/Object;)Ljava/lang/Object;+56
j  org.springframework.web.method.support.InvocableHandlerMethod.doInvoke([Ljava/lang/Object;)Ljava/lang/Object;+16
j  org.springframework.web.method.support.InvocableHandlerMethod.invokeForRequest(Lorg/springframework/web/context/request/NativeWebRequest;Lorg/springframework/web/method/support/ModelAndViewContainer;[Ljava/lang/Object;)Ljava/lang/Object;+75
j  org.springframework.web.servlet.mvc.method.annotation.ServletInvocableHandlerMethod.invokeAndHandle(Lorg/springframework/web/context/request/ServletWebRequest;Lorg/springframework/web/method/support/ModelAndViewContainer;[Ljava/lang/Object;)V+4
j  org.springframework.web.servlet.mvc.method.annotation.RequestMappingHandlerAdapter.invokeHandlerMethod(Ljavax/servlet/http/HttpServletRequest;Ljavax/servlet/http/HttpServletResponse;Lorg/springframework/web/method/HandlerMethod;)Lorg/springframework/web/servlet/ModelAndView;+276
j  org.springframework.web.servlet.mvc.method.annotation.RequestMappingHandlerAdapter.handleInternal(Ljavax/servlet/http/HttpServletRequest;Ljavax/servlet/http/HttpServletResponse;Lorg/springframework/web/method/HandlerMethod;)Lorg/springframework/web/servlet/ModelAndView;+81
j  org.springframework.web.servlet.mvc.method.AbstractHandlerMethodAdapter.handle(Ljavax/servlet/http/HttpServletRequest;Ljavax/servlet/http/HttpServletResponse;Ljava/lang/Object;)Lorg/springframework/web/servlet/ModelAndView;+7
j  org.springframework.web.servlet.DispatcherServlet.doDispatch(Ljavax/servlet/http/HttpServletRequest;Ljavax/servlet/http/HttpServletResponse;)V+310
j  org.springframework.web.servlet.DispatcherServlet.doService(Ljavax/servlet/http/HttpServletRequest;Ljavax/servlet/http/HttpServletResponse;)V+308
j  org.springframework.web.servlet.FrameworkServlet.processRequest(Ljavax/servlet/http/HttpServletRequest;Ljavax/servlet/http/HttpServletResponse;)V+71
j  org.springframework.web.servlet.FrameworkServlet.doGet(Ljavax/servlet/http/HttpServletRequest;Ljavax/servlet/http/HttpServletResponse;)V+3
j  javax.servlet.http.HttpServlet.service(Ljavax/servlet/http/HttpServletRequest;Ljavax/servlet/http/HttpServletResponse;)V+35
j  org.springframework.web.servlet.FrameworkServlet.service(Ljavax/servlet/http/HttpServletRequest;Ljavax/servlet/http/HttpServletResponse;)V+33
j  javax.servlet.http.HttpServlet.service(Ljavax/servlet/ServletRequest;Ljavax/servlet/ServletResponse;)V+30
j  org.apache.catalina.core.ApplicationFilterChain.internalDoFilter(Ljavax/servlet/ServletRequest;Ljavax/servlet/ServletResponse;)V+304
j  org.apache.catalina.core.ApplicationFilterChain.doFilter(Ljavax/servlet/ServletRequest;Ljavax/servlet/ServletResponse;)V+101
j  org.apache.tomcat.websocket.server.WsFilter.doFilter(Ljavax/servlet/ServletRequest;Ljavax/servlet/ServletResponse;Ljavax/servlet/FilterChain;)V+21
j  org.apache.catalina.core.ApplicationFilterChain.internalDoFilter(Ljavax/servlet/ServletRequest;Ljavax/servlet/ServletResponse;)V+135
j  org.apache.catalina.core.ApplicationFilterChain.doFilter(Ljavax/servlet/ServletRequest;Ljavax/servlet/ServletResponse;)V+101
j  org.springframework.web.filter.RequestContextFilter.doFilterInternal(Ljavax/servlet/http/HttpServletRequest;Ljavax/servlet/http/HttpServletResponse;Ljavax/servlet/FilterChain;)V+21
j  org.springframework.web.filter.OncePerRequestFilter.doFilter(Ljavax/servlet/ServletRequest;Ljavax/servlet/ServletResponse;Ljavax/servlet/FilterChain;)V+111
j  org.apache.catalina.core.ApplicationFilterChain.internalDoFilter(Ljavax/servlet/ServletRequest;Ljavax/servlet/ServletResponse;)V+135
j  org.apache.catalina.core.ApplicationFilterChain.doFilter(Ljavax/servlet/ServletRequest;Ljavax/servlet/ServletResponse;)V+101
j  org.springframework.web.filter.HttpPutFormContentFilter.doFilterInternal(Ljavax/servlet/http/HttpServletRequest;Ljavax/servlet/http/HttpServletResponse;Ljavax/servlet/FilterChain;)V+95
j  org.springframework.web.filter.OncePerRequestFilter.doFilter(Ljavax/servlet/ServletRequest;Ljavax/servlet/ServletResponse;Ljavax/servlet/FilterChain;)V+111
j  org.apache.catalina.core.ApplicationFilterChain.internalDoFilter(Ljavax/servlet/ServletRequest;Ljavax/servlet/ServletResponse;)V+135
j  org.apache.catalina.core.ApplicationFilterChain.doFilter(Ljavax/servlet/ServletRequest;Ljavax/servlet/ServletResponse;)V+101
j  org.springframework.web.filter.HiddenHttpMethodFilter.doFilterInternal(Ljavax/servlet/http/HttpServletRequest;Ljavax/servlet/http/HttpServletResponse;Ljavax/servlet/FilterChain;)V+87
j  org.springframework.web.filter.OncePerRequestFilter.doFilter(Ljavax/servlet/ServletRequest;Ljavax/servlet/ServletResponse;Ljavax/servlet/FilterChain;)V+111
j  org.apache.catalina.core.ApplicationFilterChain.internalDoFilter(Ljavax/servlet/ServletRequest;Ljavax/servlet/ServletResponse;)V+135
j  org.apache.catalina.core.ApplicationFilterChain.doFilter(Ljavax/servlet/ServletRequest;Ljavax/servlet/ServletResponse;)V+101
j  org.springframework.web.filter.CharacterEncodingFilter.doFilterInternal(Ljavax/servlet/http/HttpServletRequest;Ljavax/servlet/http/HttpServletResponse;Ljavax/servlet/FilterChain;)V+53
j  org.springframework.web.filter.OncePerRequestFilter.doFilter(Ljavax/servlet/ServletRequest;Ljavax/servlet/ServletResponse;Ljavax/servlet/FilterChain;)V+111
j  org.apache.catalina.core.ApplicationFilterChain.internalDoFilter(Ljavax/servlet/ServletRequest;Ljavax/servlet/ServletResponse;)V+135
j  org.apache.catalina.core.ApplicationFilterChain.doFilter(Ljavax/servlet/ServletRequest;Ljavax/servlet/ServletResponse;)V+101
j  org.apache.catalina.core.StandardWrapperValve.invoke(Lorg/apache/catalina/connector/Request;Lorg/apache/catalina/connector/Response;)V+688
j  org.apache.catalina.core.StandardContextValve.invoke(Lorg/apache/catalina/connector/Request;Lorg/apache/catalina/connector/Response;)V+166
j  org.apache.catalina.authenticator.AuthenticatorBase.invoke(Lorg/apache/catalina/connector/Request;Lorg/apache/catalina/connector/Response;)V+260
j  org.apache.catalina.core.StandardHostValve.invoke(Lorg/apache/catalina/connector/Request;Lorg/apache/catalina/connector/Response;)V+138
j  org.apache.catalina.valves.ErrorReportValve.invoke(Lorg/apache/catalina/connector/Request;Lorg/apache/catalina/connector/Response;)V+6
j  org.apache.catalina.core.StandardEngineValve.invoke(Lorg/apache/catalina/connector/Request;Lorg/apache/catalina/connector/Response;)V+71
j  org.apache.catalina.connector.CoyoteAdapter.service(Lorg/apache/coyote/Request;Lorg/apache/coyote/Response;)V+199
j  org.apache.coyote.http11.Http11Processor.service(Lorg/apache/tomcat/util/net/SocketWrapperBase;)Lorg/apache/tomcat/util/net/AbstractEndpoint$Handler$SocketState;+806
j  org.apache.coyote.AbstractProcessorLight.process(Lorg/apache/tomcat/util/net/SocketWrapperBase;Lorg/apache/tomcat/util/net/SocketEvent;)Lorg/apache/tomcat/util/net/AbstractEndpoint$Handler$SocketState;+113
j  org.apache.coyote.AbstractProtocol$ConnectionHandler.process(Lorg/apache/tomcat/util/net/SocketWrapperBase;Lorg/apache/tomcat/util/net/SocketEvent;)Lorg/apache/tomcat/util/net/AbstractEndpoint$Handler$SocketState;+414
j  org.apache.tomcat.util.net.NioEndpoint$SocketProcessor.doRun()V+191
j  org.apache.tomcat.util.net.SocketProcessorBase.run()V+21
j  java.util.concurrent.ThreadPoolExecutor.runWorker(Ljava/util/concurrent/ThreadPoolExecutor$Worker;)V+95
j  java.util.concurrent.ThreadPoolExecutor$Worker.run()V+5
j  org.apache.tomcat.util.threads.TaskThread$WrappingRunnable.run()V+4
j  java.lang.Thread.run()V+11
v  ~StubRoutines::call_stub

---------------  P R O C E S S  ---------------

Java Threads: ( => current thread )
  0x0000025982758000 JavaThread "Java2D Disposer" daemon [_thread_blocked, id=3264, stack(0x000000991f200000,0x000000991f300000)]
  0x000002598275c800 JavaThread "DestroyJavaVM" [_thread_blocked, id=5624, stack(0x000000991ca00000,0x000000991cb00000)]
  0x0000025982759800 JavaThread "http-nio-8080-AsyncTimeout" daemon [_thread_blocked, id=15160, stack(0x000000991f100000,0x000000991f200000)]
  0x0000025982759000 JavaThread "http-nio-8080-Acceptor-0" daemon [_thread_in_native, id=8856, stack(0x000000991f000000,0x000000991f100000)]
  0x0000025982751800 JavaThread "http-nio-8080-ClientPoller-1" daemon [_thread_blocked, id=11148, stack(0x000000991ef00000,0x000000991f000000)]
  0x0000025982757800 JavaThread "http-nio-8080-ClientPoller-0" daemon [_thread_blocked, id=6652, stack(0x000000991ee00000,0x000000991ef00000)]
  0x0000025982756000 JavaThread "http-nio-8080-exec-10" daemon [_thread_blocked, id=16272, stack(0x000000991ed00000,0x000000991ee00000)]
  0x0000025982752000 JavaThread "http-nio-8080-exec-9" daemon [_thread_blocked, id=10708, stack(0x000000991ec00000,0x000000991ed00000)]
  0x0000025982753800 JavaThread "http-nio-8080-exec-8" daemon [_thread_blocked, id=9448, stack(0x000000991eb00000,0x000000991ec00000)]
  0x0000025982755000 JavaThread "http-nio-8080-exec-7" daemon [_thread_blocked, id=15516, stack(0x000000991ea00000,0x000000991eb00000)]
  0x0000025982756800 JavaThread "http-nio-8080-exec-6" daemon [_thread_blocked, id=13240, stack(0x000000991e900000,0x000000991ea00000)]
  0x0000025982754800 JavaThread "http-nio-8080-exec-5" daemon [_thread_blocked, id=9892, stack(0x000000991e800000,0x000000991e900000)]
  0x0000025982753000 JavaThread "http-nio-8080-exec-4" daemon [_thread_blocked, id=16268, stack(0x000000991e700000,0x000000991e800000)]
  0x00000259feb20800 JavaThread "http-nio-8080-exec-3" daemon [_thread_blocked, id=10656, stack(0x000000991e600000,0x000000991e700000)]
  0x00000259feb20000 JavaThread "http-nio-8080-exec-2" daemon [_thread_blocked, id=15960, stack(0x000000991e500000,0x000000991e600000)]
  0x00000259feb1e800 JavaThread "http-nio-8080-exec-1" daemon [_thread_blocked, id=9456, stack(0x000000991e400000,0x000000991e500000)]
  0x00000259feb1d800 JavaThread "NioBlockingSelector.BlockPoller-1" daemon [_thread_blocked, id=1936, stack(0x000000991df00000,0x000000991e000000)]
  0x00000259feb23000 JavaThread "HikariPool-1 housekeeper" daemon [_thread_blocked, id=14712, stack(0x000000991dc00000,0x000000991dd00000)]
  0x00000259feffb800 JavaThread "container-0" [_thread_blocked, id=10148, stack(0x000000991e100000,0x000000991e200000)]
  0x00000259fe765000 JavaThread "ContainerBackgroundProcessor[StandardEngine[Tomcat]]" daemon [_thread_blocked, id=8416, stack(0x000000991e000000,0x000000991e100000)]
  0x00000259fc80e000 JavaThread "Service Thread" daemon [_thread_blocked, id=452, stack(0x000000991da00000,0x000000991db00000)]
  0x00000259fc7ed800 JavaThread "C1 CompilerThread2" daemon [_thread_blocked, id=9100, stack(0x000000991d900000,0x000000991da00000)]
  0x00000259fc79d800 JavaThread "C2 CompilerThread1" daemon [_thread_blocked, id=6480, stack(0x000000991d800000,0x000000991d900000)]
  0x00000259fc790800 JavaThread "C2 CompilerThread0" daemon [_thread_blocked, id=7364, stack(0x000000991d700000,0x000000991d800000)]
  0x00000259fc78e800 JavaThread "JDWP Command Reader" daemon [_thread_blocked, id=3392, stack(0x000000991d600000,0x000000991d700000)]
  0x00000259fc784000 JavaThread "JDWP Event Helper Thread" daemon [_thread_blocked, id=2044, stack(0x000000991d500000,0x000000991d600000)]
  0x00000259fc77a800 JavaThread "JDWP Transport Listener: dt_socket" daemon [_thread_blocked, id=6768, stack(0x000000991d400000,0x000000991d500000)]
  0x00000259fc756800 JavaThread "Attach Listener" daemon [_thread_blocked, id=1380, stack(0x000000991d300000,0x000000991d400000)]
  0x00000259fc754800 JavaThread "Signal Dispatcher" daemon [_thread_blocked, id=7192, stack(0x000000991d200000,0x000000991d300000)]
  0x00000259fc724800 JavaThread "Finalizer" daemon [_thread_blocked, id=5052, stack(0x000000991d100000,0x000000991d200000)]
  0x00000259e5aaa800 JavaThread "Reference Handler" daemon [_thread_blocked, id=5600, stack(0x000000991d000000,0x000000991d100000)]

Other Threads:
  0x00000259fc702800 VMThread [stack: 0x000000991cf00000,0x000000991d000000] [id=4024]
  0x00000259fdb8d800 WatcherThread [stack: 0x000000991db00000,0x000000991dc00000] [id=8040]

=>0x00000259e5a51800 (exited) GCTaskThread [stack: 0x000000991ce00000,0x000000991cf00000] [id=2272]

VM state:at safepoint (normal execution)

VM Mutex/Monitor currently owned by a thread:  ([mutex/lock_event])
[0x00000259e5a35930] Threads_lock - owner thread: 0x00000259fc702800
[0x00000259e5a35830] Heap_lock - owner thread: 0x00000259feb1e800

heap address: 0x0000000730000000, size: 2304 MB, Compressed Oops mode: Zero based, Oop shift amount: 3
Narrow klass base: 0x0000000000000000, Narrow klass shift: 3
Compressed class space size: 1073741824 Address: 0x00000007c0000000

Heap:
 PSYoungGen      total 70144K, used 69760K [0x0000000790000000, 0x0000000798a80000, 0x00000007c0000000)
  eden space 69632K, 100% used [0x0000000790000000,0x0000000794400000,0x0000000794400000)
  from space 512K, 25% used [0x0000000798a00000,0x0000000798a20000,0x0000000798a80000)
  to   space 512K, 25% used [0x0000000798980000,0x00000007989a0000,0x0000000798a00000)
 ParOldGen       total 107520K, used 94618K [0x0000000730000000, 0x0000000736900000, 0x0000000790000000)
  object space 107520K, 88% used [0x0000000730000000,0x0000000735c66a58,0x0000000736900000)
 Metaspace       used 65362K, capacity 67814K, committed 68056K, reserved 1107968K
  class space    used 8410K, capacity 8834K, committed 8920K, reserved 1048576K

Card table byte_map: [0x00000259f6710000,0x00000259f6ba0000] byte_map_base: 0x00000259f2d90000

Marking Bits: (ParMarkBitMap*) 0x00000000761e6ff0
 Begin Bits: [0x00000259f6ea0000, 0x00000259f92a0000)
 End Bits:   [0x00000259f92a0000, 0x00000259fb6a0000)

Polling page: 0x00000259e5950000

CodeCache: size=245760Kb used=23314Kb max_used=23917Kb free=222445Kb
 bounds [0x00000259e7350000, 0x00000259e8b60000, 0x00000259f6350000]
 total_blobs=6693 nmethods=6073 adapters=540
 compilation: enabled

Compilation events (10 events):
Event: 1259.254 Thread 0x00000259fc790800 7922       4       org.apache.poi.xssf.usermodel.XSSFCell::setCellType (369 bytes)
Event: 1259.287 Thread 0x00000259fc790800 nmethod 7922 0x00000259e8484c10 code [0x00000259e8484f60, 0x00000259e84879b8]
Event: 1273.872 Thread 0x00000259fc7ed800 7923       1       org.apache.catalina.core.StandardContext::getInstanceManager (5 bytes)
Event: 1273.872 Thread 0x00000259fc7ed800 nmethod 7923 0x00000259e7684110 code [0x00000259e7684260, 0x00000259e7684378]
Event: 1365.157 Thread 0x00000259fc7ed800 7924       3       java.util.concurrent.ThreadPoolExecutor::workerCountOf (5 bytes)
Event: 1365.158 Thread 0x00000259fc7ed800 nmethod 7924 0x00000259e8484890 code [0x00000259e84849e0, 0x00000259e8484b18]
Event: 1374.075 Thread 0x00000259fc7ed800 7925       3       org.apache.catalina.core.StandardWrapper::backgroundProcess (38 bytes)
Event: 1374.075 Thread 0x00000259fc7ed800 nmethod 7925 0x00000259e7696990 code [0x00000259e7696b40, 0x00000259e76971c0]
Event: 1395.173 Thread 0x00000259fc7ed800 7926       3       java.util.concurrent.CopyOnWriteArrayList::size (6 bytes)
Event: 1395.173 Thread 0x00000259fc7ed800 nmethod 7926 0x00000259e7696590 code [0x00000259e76966e0, 0x00000259e76968d8]

GC Heap History (10 events):
Event: 1518.555 GC heap after
Heap after GC invocations=3191 (full 5):
 PSYoungGen      total 79360K, used 128K [0x0000000790000000, 0x0000000798a80000, 0x00000007c0000000)
  eden space 78848K, 0% used [0x0000000790000000,0x0000000790000000,0x0000000794d00000)
  from space 512K, 25% used [0x0000000798a00000,0x0000000798a20000,0x0000000798a80000)
  to   space 512K, 0% used [0x0000000798980000,0x0000000798980000,0x0000000798a00000)
 ParOldGen       total 107520K, used 94490K [0x0000000730000000, 0x0000000736900000, 0x0000000790000000)
  object space 107520K, 87% used [0x0000000730000000,0x0000000735c46a58,0x0000000736900000)
 Metaspace       used 65344K, capacity 67750K, committed 68056K, reserved 1107968K
  class space    used 8409K, capacity 8834K, committed 8920K, reserved 1048576K
}
Event: 1518.892 GC heap before
{Heap before GC invocations=3192 (full 5):
 PSYoungGen      total 79360K, used 78976K [0x0000000790000000, 0x0000000798a80000, 0x00000007c0000000)
  eden space 78848K, 100% used [0x0000000790000000,0x0000000794d00000,0x0000000794d00000)
  from space 512K, 25% used [0x0000000798a00000,0x0000000798a20000,0x0000000798a80000)
  to   space 512K, 0% used [0x0000000798980000,0x0000000798980000,0x0000000798a00000)
 ParOldGen       total 107520K, used 94490K [0x0000000730000000, 0x0000000736900000, 0x0000000790000000)
  object space 107520K, 87% used [0x0000000730000000,0x0000000735c46a58,0x0000000736900000)
 Metaspace       used 65344K, capacity 67750K, committed 68056K, reserved 1107968K
  class space    used 8409K, capacity 8834K, committed 8920K, reserved 1048576K
Event: 1518.895 GC heap after
Heap after GC invocations=3192 (full 5):
 PSYoungGen      total 76800K, used 128K [0x0000000790000000, 0x0000000798a80000, 0x00000007c0000000)
  eden space 76288K, 0% used [0x0000000790000000,0x0000000790000000,0x0000000794a80000)
  from space 512K, 25% used [0x0000000798980000,0x00000007989a0000,0x0000000798a00000)
  to   space 512K, 0% used [0x0000000798a00000,0x0000000798a00000,0x0000000798a80000)
 ParOldGen       total 107520K, used 94522K [0x0000000730000000, 0x0000000736900000, 0x0000000790000000)
  object space 107520K, 87% used [0x0000000730000000,0x0000000735c4ea58,0x0000000736900000)
 Metaspace       used 65344K, capacity 67750K, committed 68056K, reserved 1107968K
  class space    used 8409K, capacity 8834K, committed 8920K, reserved 1048576K
}
Event: 1519.320 GC heap before
{Heap before GC invocations=3193 (full 5):
 PSYoungGen      total 76800K, used 76416K [0x0000000790000000, 0x0000000798a80000, 0x00000007c0000000)
  eden space 76288K, 100% used [0x0000000790000000,0x0000000794a80000,0x0000000794a80000)
  from space 512K, 25% used [0x0000000798980000,0x00000007989a0000,0x0000000798a00000)
  to   space 512K, 0% used [0x0000000798a00000,0x0000000798a00000,0x0000000798a80000)
 ParOldGen       total 107520K, used 94522K [0x0000000730000000, 0x0000000736900000, 0x0000000790000000)
  object space 107520K, 87% used [0x0000000730000000,0x0000000735c4ea58,0x0000000736900000)
 Metaspace       used 65344K, capacity 67750K, committed 68056K, reserved 1107968K
  class space    used 8409K, capacity 8834K, committed 8920K, reserved 1048576K
Event: 1519.323 GC heap after
Heap after GC invocations=3193 (full 5):
 PSYoungGen      total 74240K, used 128K [0x0000000790000000, 0x0000000798a80000, 0x00000007c0000000)
  eden space 73728K, 0% used [0x0000000790000000,0x0000000790000000,0x0000000794800000)
  from space 512K, 25% used [0x0000000798a00000,0x0000000798a20000,0x0000000798a80000)
  to   space 512K, 0% used [0x0000000798980000,0x0000000798980000,0x0000000798a00000)
 ParOldGen       total 107520K, used 94546K [0x0000000730000000, 0x0000000736900000, 0x0000000790000000)
  object space 107520K, 87% used [0x0000000730000000,0x0000000735c54a58,0x0000000736900000)
 Metaspace       used 65344K, capacity 67750K, committed 68056K, reserved 1107968K
  class space    used 8409K, capacity 8834K, committed 8920K, reserved 1048576K
}
Event: 1519.724 GC heap before
{Heap before GC invocations=3194 (full 5):
 PSYoungGen      total 74240K, used 73856K [0x0000000790000000, 0x0000000798a80000, 0x00000007c0000000)
  eden space 73728K, 100% used [0x0000000790000000,0x0000000794800000,0x0000000794800000)
  from space 512K, 25% used [0x0000000798a00000,0x0000000798a20000,0x0000000798a80000)
  to   space 512K, 0% used [0x0000000798980000,0x0000000798980000,0x0000000798a00000)
 ParOldGen       total 107520K, used 94546K [0x0000000730000000, 0x0000000736900000, 0x0000000790000000)
  object space 107520K, 87% used [0x0000000730000000,0x0000000735c54a58,0x0000000736900000)
 Metaspace       used 65362K, capacity 67814K, committed 68056K, reserved 1107968K
  class space    used 8410K, capacity 8834K, committed 8920K, reserved 1048576K
Event: 1519.727 GC heap after
Heap after GC invocations=3194 (full 5):
 PSYoungGen      total 72192K, used 128K [0x0000000790000000, 0x0000000798a80000, 0x00000007c0000000)
  eden space 71680K, 0% used [0x0000000790000000,0x0000000790000000,0x0000000794600000)
  from space 512K, 25% used [0x0000000798980000,0x00000007989a0000,0x0000000798a00000)
  to   space 512K, 0% used [0x0000000798a00000,0x0000000798a00000,0x0000000798a80000)
 ParOldGen       total 107520K, used 94578K [0x0000000730000000, 0x0000000736900000, 0x0000000790000000)
  object space 107520K, 87% used [0x0000000730000000,0x0000000735c5ca58,0x0000000736900000)
 Metaspace       used 65362K, capacity 67814K, committed 68056K, reserved 1107968K
  class space    used 8410K, capacity 8834K, committed 8920K, reserved 1048576K
}
Event: 1520.044 GC heap before
{Heap before GC invocations=3195 (full 5):
 PSYoungGen      total 72192K, used 71808K [0x0000000790000000, 0x0000000798a80000, 0x00000007c0000000)
  eden space 71680K, 100% used [0x0000000790000000,0x0000000794600000,0x0000000794600000)
  from space 512K, 25% used [0x0000000798980000,0x00000007989a0000,0x0000000798a00000)
  to   space 512K, 0% used [0x0000000798a00000,0x0000000798a00000,0x0000000798a80000)
 ParOldGen       total 107520K, used 94578K [0x0000000730000000, 0x0000000736900000, 0x0000000790000000)
  object space 107520K, 87% used [0x0000000730000000,0x0000000735c5ca58,0x0000000736900000)
 Metaspace       used 65362K, capacity 67814K, committed 68056K, reserved 1107968K
  class space    used 8410K, capacity 8834K, committed 8920K, reserved 1048576K
Event: 1520.047 GC heap after
Heap after GC invocations=3195 (full 5):
 PSYoungGen      total 70144K, used 128K [0x0000000790000000, 0x0000000798a80000, 0x00000007c0000000)
  eden space 69632K, 0% used [0x0000000790000000,0x0000000790000000,0x0000000794400000)
  from space 512K, 25% used [0x0000000798a00000,0x0000000798a20000,0x0000000798a80000)
  to   space 512K, 0% used [0x0000000798980000,0x0000000798980000,0x0000000798a00000)
 ParOldGen       total 107520K, used 94610K [0x0000000730000000, 0x0000000736900000, 0x0000000790000000)
  object space 107520K, 87% used [0x0000000730000000,0x0000000735c64a58,0x0000000736900000)
 Metaspace       used 65362K, capacity 67814K, committed 68056K, reserved 1107968K
  class space    used 8410K, capacity 8834K, committed 8920K, reserved 1048576K
}
Event: 1520.409 GC heap before
{Heap before GC invocations=3196 (full 5):
 PSYoungGen      total 70144K, used 69760K [0x0000000790000000, 0x0000000798a80000, 0x00000007c0000000)
  eden space 69632K, 100% used [0x0000000790000000,0x0000000794400000,0x0000000794400000)
  from space 512K, 25% used [0x0000000798a00000,0x0000000798a20000,0x0000000798a80000)
  to   space 512K, 0% used [0x0000000798980000,0x0000000798980000,0x0000000798a00000)
 ParOldGen       total 107520K, used 94610K [0x0000000730000000, 0x0000000736900000, 0x0000000790000000)
  object space 107520K, 87% used [0x0000000730000000,0x0000000735c64a58,0x0000000736900000)
 Metaspace       used 65362K, capacity 67814K, committed 68056K, reserved 1107968K
  class space    used 8410K, capacity 8834K, committed 8920K, reserved 1048576K

Deoptimization events (10 events):
Event: 1095.657 Thread 0x0000025982752000 Uncommon trap: reason=unhandled action=none pc=0x00000259e7d12be0 method=java.net.URLClassLoader.findClass(Ljava/lang/String;)Ljava/lang/Class; @ 44
Event: 1095.686 Thread 0x0000025982752000 Uncommon trap: reason=range_check action=none pc=0x00000259e764baa4 method=sun.reflect.generics.parser.SignatureParser.current()C @ 34
Event: 1095.689 Thread 0x0000025982752000 Uncommon trap: reason=unhandled action=none pc=0x00000259e7d12be0 method=java.net.URLClassLoader.findClass(Ljava/lang/String;)Ljava/lang/Class; @ 44
Event: 1095.719 Thread 0x0000025982752000 Uncommon trap: reason=unhandled action=none pc=0x00000259e7d12be0 method=java.net.URLClassLoader.findClass(Ljava/lang/String;)Ljava/lang/Class; @ 44
Event: 1095.758 Thread 0x0000025982752000 Uncommon trap: reason=unhandled action=none pc=0x00000259e7d12be0 method=java.net.URLClassLoader.findClass(Ljava/lang/String;)Ljava/lang/Class; @ 44
Event: 1095.789 Thread 0x0000025982752000 Uncommon trap: reason=unstable_if action=reinterpret pc=0x00000259e81e4634 method=java.lang.Integer.toString(I)Ljava/lang/String; @ 3
Event: 1095.790 Thread 0x0000025982752000 Uncommon trap: reason=range_check action=none pc=0x00000259e764baa4 method=sun.reflect.generics.parser.SignatureParser.current()C @ 34
Event: 1095.792 Thread 0x0000025982752000 Uncommon trap: reason=range_check action=none pc=0x00000259e764baa4 method=sun.reflect.generics.parser.SignatureParser.current()C @ 34
Event: 1095.795 Thread 0x0000025982752000 Uncommon trap: reason=unhandled action=none pc=0x00000259e7d12be0 method=java.net.URLClassLoader.findClass(Ljava/lang/String;)Ljava/lang/Class; @ 44
Event: 1095.824 Thread 0x0000025982752000 Uncommon trap: reason=unhandled action=none pc=0x00000259e7d12be0 method=java.net.URLClassLoader.findClass(Ljava/lang/String;)Ljava/lang/Class; @ 44

Classes redefined (9 events):
Event: 357.087 Thread 0x00000259fc702800 redefined class name=com.honda.am.cqp.controller.UserExcelExporter, count=1
Event: 524.747 Thread 0x00000259fc702800 redefined class name=com.honda.am.cqp.controller.UserExcelExporter, count=2
Event: 571.480 Thread 0x00000259fc702800 redefined class name=com.honda.am.cqp.controller.UserExcelExporter, count=3
Event: 587.204 Thread 0x00000259fc702800 redefined class name=com.honda.am.cqp.controller.UserExcelExporter, count=4
Event: 819.467 Thread 0x00000259fc702800 redefined class name=com.honda.am.cqp.controller.UserExcelExporter, count=5
Event: 905.272 Thread 0x00000259fc702800 redefined class name=com.honda.am.cqp.controller.UserExcelExporter, count=6
Event: 925.901 Thread 0x00000259fc702800 redefined class name=com.honda.am.cqp.controller.UserExcelExporter, count=7
Event: 1393.258 Thread 0x00000259fc702800 redefined class name=com.honda.am.cqp.controller.AlertController, count=1
Event: 1519.561 Thread 0x00000259fc702800 redefined class name=com.honda.am.cqp.controller.AlertController, count=2

Internal exceptions (10 events):
Event: 1095.357 Thread 0x0000025982752000 Exception <a 'java/lang/ArrayIndexOutOfBoundsException': 78> (0x00000007921a1a78) thrown at [C:\jenkins\workspace\8-2-build-windows-amd64-cygwin\jdk8u281\880\hotspot\src\share\vm\interpreter\interpreterRuntime.cpp, line 371]
Event: 1095.392 Thread 0x0000025982752000 Exception <a 'java/lang/ArrayIndexOutOfBoundsException': 92> (0x00000007924a1460) thrown at [C:\jenkins\workspace\8-2-build-windows-amd64-cygwin\jdk8u281\880\hotspot\src\share\vm\interpreter\interpreterRuntime.cpp, line 371]
Event: 1095.439 Thread 0x0000025982752000 Exception <a 'java/lang/ArrayIndexOutOfBoundsException': 67> (0x00000007902f54e8) thrown at [C:\jenkins\workspace\8-2-build-windows-amd64-cygwin\jdk8u281\880\hotspot\src\share\vm\interpreter\interpreterRuntime.cpp, line 371]
Event: 1095.481 Thread 0x0000025982752000 Exception <a 'java/lang/ArrayIndexOutOfBoundsException': 121> (0x00000007906c09f0) thrown at [C:\jenkins\workspace\8-2-build-windows-amd64-cygwin\jdk8u281\880\hotspot\src\share\vm\interpreter\interpreterRuntime.cpp, line 371]
Event: 1095.482 Thread 0x0000025982752000 Exception <a 'java/lang/ArrayIndexOutOfBoundsException': 59> (0x000000079072a928) thrown at [C:\jenkins\workspace\8-2-build-windows-amd64-cygwin\jdk8u281\880\hotspot\src\share\vm\interpreter\interpreterRuntime.cpp, line 371]
Event: 1095.686 Thread 0x0000025982752000 Exception <a 'java/lang/ArrayIndexOutOfBoundsException': 61> (0x0000000791f40f58) thrown at [C:\jenkins\workspace\8-2-build-windows-amd64-cygwin\jdk8u281\880\hotspot\src\share\vm\interpreter\interpreterRuntime.cpp, line 371]
Event: 1095.790 Thread 0x0000025982752000 Exception <a 'java/lang/ArrayIndexOutOfBoundsException': 64> (0x000000079074f0e0) thrown at [C:\jenkins\workspace\8-2-build-windows-amd64-cygwin\jdk8u281\880\hotspot\src\share\vm\interpreter\interpreterRuntime.cpp, line 371]
Event: 1095.792 Thread 0x0000025982752000 Exception <a 'java/lang/ArrayIndexOutOfBoundsException': 64> (0x00000007908249e0) thrown at [C:\jenkins\workspace\8-2-build-windows-amd64-cygwin\jdk8u281\880\hotspot\src\share\vm\interpreter\interpreterRuntime.cpp, line 371]
Event: 1137.258 Thread 0x000002598275c000 Exception <a 'java/lang/InterruptedException': sleep interrupted> (0x000000079046dff0) thrown at [C:\jenkins\workspace\8-2-build-windows-amd64-cygwin\jdk8u281\880\hotspot\src\share\vm\prims\jvm.cpp, line 3346]
Event: 1222.527 Thread 0x000002598275c000 Exception <a 'java/lang/InterruptedException': sleep interrupted> (0x000000079409ce20) thrown at [C:\jenkins\workspace\8-2-build-windows-amd64-cygwin\jdk8u281\880\hotspot\src\share\vm\prims\jvm.cpp, line 3346]

Events (10 events):
Event: 1519.562 Executing VM operation: RedefineClasses done
Event: 1519.723 Executing VM operation: ParallelGCFailedAllocation
Event: 1519.727 Executing VM operation: ParallelGCFailedAllocation done
Event: 1520.044 Executing VM operation: ParallelGCFailedAllocation
Event: 1520.047 Executing VM operation: ParallelGCFailedAllocation done
Event: 1520.290 Executing VM operation: ChangeBreakpoints
Event: 1520.295 Executing VM operation: ChangeBreakpoints done
Event: 1520.374 Executing VM operation: ChangeBreakpoints
Event: 1520.379 Executing VM operation: ChangeBreakpoints done
Event: 1520.408 Executing VM operation: ParallelGCFailedAllocation


Dynamic libraries:
0x00007ff79e680000 - 0x00007ff79e6c7000 	C:\Program Files\Java\jre1.8.0_281\bin\javaw.exe
0x00007fffbe3c0000 - 0x00007fffbe5b0000 	C:\WINDOWS\SYSTEM32\ntdll.dll
0x00007fffbcbe0000 - 0x00007fffbcc92000 	C:\WINDOWS\System32\KERNEL32.DLL
0x00007fffbbf70000 - 0x00007fffbc215000 	C:\WINDOWS\System32\KERNELBASE.dll
0x00007fffbd740000 - 0x00007fffbd7e3000 	C:\WINDOWS\System32\ADVAPI32.dll
0x00007fffbc6a0000 - 0x00007fffbc73e000 	C:\WINDOWS\System32\msvcrt.dll
0x00007fffbe0f0000 - 0x00007fffbe187000 	C:\WINDOWS\System32\sechost.dll
0x00007fffbdfd0000 - 0x00007fffbe0ef000 	C:\WINDOWS\System32\RPCRT4.dll
0x00007fffbd9c0000 - 0x00007fffbdb54000 	C:\WINDOWS\System32\USER32.dll
0x00007fffbbad0000 - 0x00007fffbbaf1000 	C:\WINDOWS\System32\win32u.dll
0x00007fffbe350000 - 0x00007fffbe376000 	C:\WINDOWS\System32\GDI32.dll
0x00007fffbc220000 - 0x00007fffbc3b8000 	C:\WINDOWS\System32\gdi32full.dll
0x00007fffbbe20000 - 0x00007fffbbebe000 	C:\WINDOWS\System32\msvcp_win.dll
0x00007fffbbc60000 - 0x00007fffbbd5a000 	C:\WINDOWS\System32\ucrtbase.dll
0x00007fffaab20000 - 0x00007fffaada4000 	C:\WINDOWS\WinSxS\amd64_microsoft.windows.common-controls_6595b64144ccf1df_6.0.18362.1500_none_9e79be6de462295c\COMCTL32.dll
0x00007fffbc740000 - 0x00007fffbca76000 	C:\WINDOWS\System32\combase.dll
0x00007fffbbd60000 - 0x00007fffbbde1000 	C:\WINDOWS\System32\bcryptPrimitives.dll
0x00007fffbd860000 - 0x00007fffbd88e000 	C:\WINDOWS\System32\IMM32.DLL
0x00007fff7f180000 - 0x00007fff7f881000 	C:\Program Files\McAfee\DLP\Agent\fcagpph64.dll
0x00007fffbcf00000 - 0x00007fffbd5e8000 	C:\WINDOWS\System32\SHELL32.dll
0x00007fffbbf20000 - 0x00007fffbbf6a000 	C:\WINDOWS\System32\cfgmgr32.dll
0x00007fffbcde0000 - 0x00007fffbce87000 	C:\WINDOWS\System32\shcore.dll
0x00007fffbb350000 - 0x00007fffbbacb000 	C:\WINDOWS\System32\windows.storage.dll
0x00007fffbb310000 - 0x00007fffbb32e000 	C:\WINDOWS\System32\profapi.dll
0x00007fffbb2a0000 - 0x00007fffbb2ea000 	C:\WINDOWS\System32\powrprof.dll
0x00007fffbb270000 - 0x00007fffbb280000 	C:\WINDOWS\System32\UMPDC.dll
0x00007fffbe2f0000 - 0x00007fffbe342000 	C:\WINDOWS\System32\shlwapi.dll
0x00007fffbb280000 - 0x00007fffbb291000 	C:\WINDOWS\System32\kernel.appcore.dll
0x00007fffbb330000 - 0x00007fffbb347000 	C:\WINDOWS\System32\cryptsp.dll
0x00007fffbe190000 - 0x00007fffbe2e7000 	C:\WINDOWS\System32\ole32.dll
0x00007fffbcb10000 - 0x00007fffbcbd5000 	C:\WINDOWS\System32\OLEAUT32.dll
0x00007fff9e5e0000 - 0x00007fff9e669000 	C:\WINDOWS\SYSTEM32\WINSPOOL.DRV
0x00007fffbbdf0000 - 0x00007fffbbe16000 	C:\WINDOWS\System32\bcrypt.dll
0x00007fffba320000 - 0x00007fffba32a000 	C:\WINDOWS\SYSTEM32\VERSION.dll
0x00007fffb81e0000 - 0x00007fffb82cf000 	C:\WINDOWS\SYSTEM32\PROPSYS.dll
0x00007fffba720000 - 0x00007fffba75a000 	C:\WINDOWS\SYSTEM32\IPHLPAPI.DLL
0x00007fffbb160000 - 0x00007fffbb18f000 	C:\WINDOWS\SYSTEM32\SspiCli.dll
0x00007fffba050000 - 0x00007fffba081000 	C:\WINDOWS\SYSTEM32\ntmarta.dll
0x00007fffbb120000 - 0x00007fffbb156000 	C:\WINDOWS\system32\vmwsci.dll
0x00007fffbcb00000 - 0x00007fffbcb08000 	C:\WINDOWS\System32\PSAPI.DLL
0x00007fffb4bf0000 - 0x00007fffb4c05000 	C:\Program Files\Java\jre1.8.0_281\bin\vcruntime140.dll
0x00007fff99450000 - 0x00007fff994eb000 	C:\Program Files\Java\jre1.8.0_281\bin\msvcp140.dll
0x0000000075a00000 - 0x000000007625f000 	C:\Program Files\Java\jre1.8.0_281\bin\server\jvm.dll
0x00007fffb0130000 - 0x00007fffb0139000 	C:\WINDOWS\SYSTEM32\WSOCK32.dll
0x00007fffbd7f0000 - 0x00007fffbd85f000 	C:\WINDOWS\System32\WS2_32.dll
0x00007fffb5980000 - 0x00007fffb59a4000 	C:\WINDOWS\SYSTEM32\WINMM.dll
0x00007fffb5950000 - 0x00007fffb597d000 	C:\WINDOWS\SYSTEM32\WINMMBASE.dll
0x00007fffb5f50000 - 0x00007fffb5f60000 	C:\Program Files\Java\jre1.8.0_281\bin\verify.dll
0x00007fff9dbd0000 - 0x00007fff9dbfb000 	C:\Program Files\Java\jre1.8.0_281\bin\java.dll
0x00007fff9cb80000 - 0x00007fff9cbb6000 	C:\Program Files\Java\jre1.8.0_281\bin\jdwp.dll
0x00007fffb5ae0000 - 0x00007fffb5ae9000 	C:\Program Files\Java\jre1.8.0_281\bin\npt.dll
0x00007fff9c840000 - 0x00007fff9c858000 	C:\Program Files\Java\jre1.8.0_281\bin\zip.dll
0x00007fffb3b30000 - 0x00007fffb3b3a000 	C:\Program Files\Java\jre1.8.0_281\bin\dt_socket.dll
0x00007fffa8290000 - 0x00007fffa82a6000 	C:\WINDOWS\system32\napinsp.dll
0x00007fffa82b0000 - 0x00007fffa82ca000 	C:\WINDOWS\system32\pnrpnsp.dll
0x00007fffbaa10000 - 0x00007fffbaa77000 	C:\WINDOWS\System32\mswsock.dll
0x00007fffba760000 - 0x00007fffba82b000 	C:\WINDOWS\SYSTEM32\DNSAPI.dll
0x00007fffbc4e0000 - 0x00007fffbc4e8000 	C:\WINDOWS\System32\NSI.dll
0x00007fffaa020000 - 0x00007fffaa02e000 	C:\WINDOWS\System32\winrnr.dll
0x00007fffb4a00000 - 0x00007fffb4a1c000 	C:\WINDOWS\system32\NLAapi.dll
0x00007fffaa050000 - 0x00007fffaa065000 	C:\WINDOWS\system32\wshbth.dll
0x00007fffb6d50000 - 0x00007fffb6dc7000 	C:\WINDOWS\System32\fwpuclnt.dll
0x00007fffb1140000 - 0x00007fffb114a000 	C:\Windows\System32\rasadhlp.dll
0x00007fffb60f0000 - 0x00007fffb60fd000 	C:\Program Files\Java\jre1.8.0_281\bin\management.dll
0x00007fff9c730000 - 0x00007fff9c74c000 	C:\Program Files\Java\jre1.8.0_281\bin\net.dll
0x00007fff9c430000 - 0x00007fff9c443000 	C:\Program Files\Java\jre1.8.0_281\bin\nio.dll
0x00007fffba590000 - 0x00007fffba5c3000 	C:\WINDOWS\system32\rsaenh.dll
0x00007fffbb190000 - 0x00007fffbb1b5000 	C:\WINDOWS\SYSTEM32\USERENV.dll
0x00007fffbabe0000 - 0x00007fffbabec000 	C:\WINDOWS\SYSTEM32\CRYPTBASE.dll
0x00007fffb5ef0000 - 0x00007fffb5f06000 	C:\WINDOWS\SYSTEM32\dhcpcsvc6.DLL
0x00007fffb5ed0000 - 0x00007fffb5eec000 	C:\WINDOWS\SYSTEM32\dhcpcsvc.DLL
0x00007fff9c900000 - 0x00007fff9c924000 	C:\Program Files\Java\jre1.8.0_281\bin\sunec.dll
0x00007fffb60b0000 - 0x00007fffb60bd000 	C:\Program Files\Java\jre1.8.0_281\bin\sunmscapi.dll
0x00007fffbbb00000 - 0x00007fffbbc51000 	C:\WINDOWS\System32\CRYPT32.dll
0x00007fffbb2f0000 - 0x00007fffbb302000 	C:\WINDOWS\System32\MSASN1.dll
0x00007fffbacf0000 - 0x00007fffbad16000 	C:\WINDOWS\SYSTEM32\ncrypt.dll
0x00007fffbacb0000 - 0x00007fffbaceb000 	C:\WINDOWS\SYSTEM32\NTASN1.dll
0x00007fff8e8f0000 - 0x00007fff8ea85000 	C:\Program Files\Java\jre1.8.0_281\bin\awt.dll
0x00007fffb7f60000 - 0x00007fffb7fef000 	C:\WINDOWS\SYSTEM32\apphelp.dll
0x00007fffb5820000 - 0x00007fffb5869000 	C:\Program Files\Java\jre1.8.0_281\bin\fontmanager.dll
0x00007fff9ec60000 - 0x00007fff9eca3000 	C:\Program Files\Java\jre1.8.0_281\bin\t2k.dll
0x00007fffb97b0000 - 0x00007fffb99a4000 	C:\WINDOWS\SYSTEM32\dbghelp.dll

VM Arguments:
jvm_args: -agentlib:jdwp=transport=dt_socket,suspend=y,address=localhost:54401 -Dfile.encoding=UTF-8 
java_command: com.honda.am.cqp.Application
java_class_path (initial): C:\Program Files\Java\jre1.8.0_281\lib\resources.jar;C:\Program Files\Java\jre1.8.0_281\lib\rt.jar;C:\Program Files\Java\jre1.8.0_281\lib\jsse.jar;C:\Program Files\Java\jre1.8.0_281\lib\jce.jar;C:\Program Files\Java\jre1.8.0_281\lib\charsets.jar;C:\Program Files\Java\jre1.8.0_281\lib\jfr.jar;C:\Program Files\Java\jre1.8.0_281\lib\ext\access-bridge-64.jar;C:\Program Files\Java\jre1.8.0_281\lib\ext\cldrdata.jar;C:\Program Files\Java\jre1.8.0_281\lib\ext\dnsns.jar;C:\Program Files\Java\jre1.8.0_281\lib\ext\jaccess.jar;C:\Program Files\Java\jre1.8.0_281\lib\ext\jfxrt.jar;C:\Program Files\Java\jre1.8.0_281\lib\ext\localedata.jar;C:\Program Files\Java\jre1.8.0_281\lib\ext\nashorn.jar;C:\Program Files\Java\jre1.8.0_281\lib\ext\sunec.jar;C:\Program Files\Java\jre1.8.0_281\lib\ext\sunjce_provider.jar;C:\Program Files\Java\jre1.8.0_281\lib\ext\sunmscapi.jar;C:\Program Files\Java\jre1.8.0_281\lib\ext\sunpkcs11.jar;C:\Program Files\Java\jre1.8.0_281\lib\ext\zipfs.jar;H:\git\CQP-SPRINGBOOT-SERVER-CODE\target\classes;D:\Users\Shrirang Kadale\.m2\repository\org\springframework\boot\spring-boot-starter-data-jpa\2.0.5.RELEASE\spring-boot-starter-data-jpa-2.0.5.RELEASE.jar;D:\Users\Shrirang Kadale\.m2\repository\org\springframework\boot\spring-boot-starter-aop\2.0.5.RELEASE\spring-boot-starter-aop-2.0.5.RELEASE.jar;D:\Users\Shrirang Kadale\.m2\repository\org\springframework\spring-aop\5.0.9.RELEASE\spring-aop-5.0.9.RELEASE.jar;D:\Users\Shrirang Kadale\.m2\repository\org\aspectj\aspectjweaver\1.8.13\aspectjweaver-1.8.13.jar;D:\Users\Shrirang Kadale\.m2\repository\org\springframework\boot\spring-boot-starter-jdbc\2.0.5.RELEASE\spring-boot-starter-jdbc-2.0.5.RELEASE.jar;D:\Users\Shrirang Kadale\.m2\repository\com\zaxxer\HikariCP\2.7.9\HikariCP-2.7.9.jar;D:\Users\Shrirang Kadale\.m2\repository\org\springframework\spring-jdbc\5.0.9.RELEASE\spring-jdbc-5.0.9.RELEASE.jar;D:\Users\Shrirang Kadale\.m2\repository\javax\transaction\javax.transaction-api\1.2\javax.tr
Launcher Type: SUN_STANDARD

Environment Variables:
CLASSPATH=.;C:\Program Files (x86)\IBM\SQLLIB\java\db2jcc_license_cu.jar;C:\PROGRA~2\IBM\SQLLIB\java\db2java.zip;C:\PROGRA~2\IBM\SQLLIB\java\db2jcc.jar;C:\PROGRA~2\IBM\SQLLIB\java\DB2JCC~1.JAR;C:\PROGRA~2\IBM\SQLLIB\BIN;C:\PROGRA~1\IBM\SQLLIB\java\db2java.zip;C:\PROGRA~1\IBM\SQLLIB\java\db2jcc.jar;C:\PROGRA~1\IBM\SQLLIB\java\db2jcc_license_cu.jar;C:\PROGRA~1\IBM\SQLLIB\bin
PATH=C:/Program Files/Java/jre1.8.0_281/bin/server;C:/Program Files/Java/jre1.8.0_281/bin;C:/Program Files/Java/jre1.8.0_281/lib/amd64;C:\Program Files (x86)\Common Files\Oracle\Java\javapath;C:\Windows\System32;C:\Windows;C:\Windows\System32\wbem;C:\Windows\System32\WindowsPowerShell\v1.0\;C:\Windows\CCM;C:\Program Files (x86)\McAfee\MOVE AV Client\;C:\PROGRA~2\IBM\SQLLIB\BIN;C:\PROGRA~2\IBM\SQLLIB\FUNCTION;C:\WINDOWS\system32;C:\WINDOWS;C:\WINDOWS\System32\Wbem;C:\WINDOWS\System32\WindowsPowerShell\v1.0\;C:\WINDOWS\System32\OpenSSH\;C:\PROGRA~1\IBM\SQLLIB\BIN;C:\PROGRA~1\IBM\SQLLIB\FUNCTION;C:\Program Files (x86)\Microsoft SQL Server\Client SDK\ODBC\130\Tools\Binn\;C:\Program Files (x86)\Microsoft SQL Server\130\Tools\Binn\;C:\Program Files (x86)\Microsoft SQL Server\130\DTS\Binn\;C:\Program Files (x86)\Microsoft SQL Server\130\Tools\Binn\ManagementStudio\;C:\Program Files\Git\cmd;B:\Documents\node-v14.16.1-win-x64;D:\Users\Shrirang Kadale\AppData\Local\Microsoft\WindowsApps;C:\Eclipse Oxygen 3a\eclipse;
USERNAME=Shrirang Kadale
OS=Windows_NT
PROCESSOR_IDENTIFIER=Intel64 Family 6 Model 85 Stepping 4, GenuineIntel



---------------  S Y S T E M  ---------------

OS: Windows 10.0 , 64 bit Build 18362 (10.0.18362.1500)

CPU:total 4 (initial active 4) (2 cores per cpu, 1 threads per core) family 6 model 85 stepping 4, cmov, cx8, fxsr, mmx, sse, sse2, sse3, ssse3, sse4.1, sse4.2, popcnt, avx, avx2, aes, clmul, erms, 3dnowpref, lzcnt, tsc, tscinvbit, bmi1, bmi2, adx

Memory: 4k page, physical 9436140k(1171652k free), swap 11467756k(3012644k free)

vm_info: Java HotSpot(TM) 64-Bit Server VM (25.281-b09) for windows-amd64 JRE (1.8.0_281-b09), built on Dec  9 2020 13:54:07 by "" with MS VC++ 15.9 (VS2017)

time: Mon Apr 26 09:14:20 2021
timezone: India Standard Time
elapsed time: 1521.309329 seconds (0d 0h 25m 21s)

